<?xml version="1.0" encoding="UTF-8"?>
<!-- Generated by org.testng.reporters.JUnitXMLReporter -->
<testsuite hostname="FurqanPC" name="Command line test" tests="5" failures="1" timestamp="15 Mar 2015 09:42:28 GMT" time="0.732" errors="0">
  <testcase name="a_web_driver_needs_to_be_auto_closeable" time="0.675" classname="selcommns.WebdriverFactoryTest">
    <failure type="java.lang.AssertionError" message="expected [true] but found [false]">
      <![CDATA[java.lang.AssertionError: expected [true] but found [false]
	at selcommns.WebdriverFactoryTest.a_web_driver_needs_to_be_auto_closeable(WebdriverFactoryTest.java:10)
... Removed 37 stack frames]]>
    </failure>
  </testcase> <!-- a_web_driver_needs_to_be_auto_closeable -->
  <testcase name="by_default_should_return_instance_of_FireFoxDriver" time="0.001" classname="selcommns.WebdriverFactoryTest"/>
  <testcase name="by_default_should_return_instance_of_FireFoxDriver_If_FireFoxDriver_is_not_available_then_return_chrome_If_chrome_not_available_then_return_ie_If_ie_not_available_then_return_NULL" time="0.0" classname="selcommns.WebdriverFactoryTest"/>
  <testcase name="by_default_should_return_instance_of_FireFoxDriver_if_FireFoxDriver_is_not_available_then_return_chrome" time="0.0" classname="selcommns.WebdriverFactoryTest"/>
  <testcase name="by_default_should_return_instance_of_FireFoxDriver_if_FireFoxDriver_is_not_available_then_return_chrome_if_chrome_not_available_then_return_ie" time="0.0" classname="selcommns.WebdriverFactoryTest"/>
</testsuite> <!-- Command line test -->
