<?xml version="1.0" encoding="UTF-8"?>
<testng-results skipped="0" failed="1" total="5" passed="4">
  <reporter-output>
  </reporter-output>
  <suite name="selcommns.WebdriverFactoryTest" duration-ms="732" started-at="2015-03-15T09:42:27Z" finished-at="2015-03-15T09:42:28Z">
    <groups>
    </groups>
    <test name="Command line test" duration-ms="732" started-at="2015-03-15T09:42:27Z" finished-at="2015-03-15T09:42:28Z">
      <class name="selcommns.WebdriverFactoryTest">
        <test-method status="FAIL" signature="a_web_driver_needs_to_be_auto_closeable()[pri:0, instance:selcommns.WebdriverFactoryTest@1ebec15]" name="a_web_driver_needs_to_be_auto_closeable" duration-ms="675" started-at="2015-03-15T14:42:27Z" finished-at="2015-03-15T14:42:28Z">
          <exception class="java.lang.AssertionError">
            <message>
              <![CDATA[expected [true] but found [false]]]>
            </message>
            <full-stacktrace>
              <![CDATA[java.lang.AssertionError: expected [true] but found [false]
	at org.testng.Assert.fail(Assert.java:94)
	at org.testng.Assert.failNotEquals(Assert.java:494)
	at org.testng.Assert.assertTrue(Assert.java:42)
	at org.testng.Assert.assertTrue(Assert.java:52)
	at selcommns.WebdriverFactoryTest.a_web_driver_needs_to_be_auto_closeable(WebdriverFactoryTest.java:10)
	at sun.reflect.NativeMethodAccessorImpl.invoke0(Native Method)
	at sun.reflect.NativeMethodAccessorImpl.invoke(NativeMethodAccessorImpl.java:62)
	at sun.reflect.DelegatingMethodAccessorImpl.invoke(DelegatingMethodAccessorImpl.java:43)
	at java.lang.reflect.Method.invoke(Method.java:483)
	at org.testng.internal.MethodInvocationHelper.invokeMethod(MethodInvocationHelper.java:85)
	at org.testng.internal.Invoker.invokeMethod(Invoker.java:696)
	at org.testng.internal.Invoker.invokeTestMethod(Invoker.java:882)
	at org.testng.internal.Invoker.invokeTestMethods(Invoker.java:1189)
	at org.testng.internal.TestMethodWorker.invokeTestMethods(TestMethodWorker.java:124)
	at org.testng.internal.TestMethodWorker.run(TestMethodWorker.java:108)
	at org.testng.TestRunner.privateRun(TestRunner.java:767)
	at org.testng.TestRunner.run(TestRunner.java:617)
	at org.testng.SuiteRunner.runTest(SuiteRunner.java:348)
	at org.testng.SuiteRunner.runSequentially(SuiteRunner.java:343)
	at org.testng.SuiteRunner.privateRun(SuiteRunner.java:305)
	at org.testng.SuiteRunner.run(SuiteRunner.java:254)
	at org.testng.SuiteRunnerWorker.runSuite(SuiteRunnerWorker.java:52)
	at org.testng.SuiteRunnerWorker.run(SuiteRunnerWorker.java:86)
	at org.testng.TestNG.runSuitesSequentially(TestNG.java:1224)
	at org.testng.TestNG.runSuitesLocally(TestNG.java:1149)
	at org.testng.TestNG.run(TestNG.java:1057)
	at org.apache.maven.surefire.testng.TestNGExecutor.run(TestNGExecutor.java:77)
	at org.apache.maven.surefire.testng.TestNGDirectoryTestSuite.execute(TestNGDirectoryTestSuite.java:110)
	at org.apache.maven.surefire.testng.TestNGProvider.invoke(TestNGProvider.java:106)
	at sun.reflect.NativeMethodAccessorImpl.invoke0(Native Method)
	at sun.reflect.NativeMethodAccessorImpl.invoke(NativeMethodAccessorImpl.java:62)
	at sun.reflect.DelegatingMethodAccessorImpl.invoke(DelegatingMethodAccessorImpl.java:43)
	at java.lang.reflect.Method.invoke(Method.java:483)
	at org.apache.maven.surefire.util.ReflectionUtils.invokeMethodWithArray(ReflectionUtils.java:189)
	at org.apache.maven.surefire.booter.ProviderFactory$ProviderProxy.invoke(ProviderFactory.java:165)
	at org.apache.maven.surefire.booter.ProviderFactory.invokeProvider(ProviderFactory.java:85)
	at org.apache.maven.surefire.booter.ForkedBooter.runSuitesInProcess(ForkedBooter.java:115)
	at org.apache.maven.surefire.booter.ForkedBooter.main(ForkedBooter.java:75)
]]>
            </full-stacktrace>
          </exception> <!-- java.lang.AssertionError -->
          <reporter-output>
          </reporter-output>
        </test-method> <!-- a_web_driver_needs_to_be_auto_closeable -->
        <test-method status="PASS" signature="by_default_should_return_instance_of_FireFoxDriver()[pri:0, instance:selcommns.WebdriverFactoryTest@1ebec15]" name="by_default_should_return_instance_of_FireFoxDriver" duration-ms="1" started-at="2015-03-15T14:42:28Z" finished-at="2015-03-15T14:42:28Z">
          <reporter-output>
          </reporter-output>
        </test-method> <!-- by_default_should_return_instance_of_FireFoxDriver -->
        <test-method status="PASS" signature="by_default_should_return_instance_of_FireFoxDriver_If_FireFoxDriver_is_not_available_then_return_chrome_If_chrome_not_available_then_return_ie_If_ie_not_available_then_return_NULL()[pri:0, instance:selcommns.WebdriverFactoryTest@1ebec15]" name="by_default_should_return_instance_of_FireFoxDriver_If_FireFoxDriver_is_not_available_then_return_chrome_If_chrome_not_available_then_return_ie_If_ie_not_available_then_return_NULL" duration-ms="0" started-at="2015-03-15T14:42:28Z" finished-at="2015-03-15T14:42:28Z">
          <reporter-output>
          </reporter-output>
        </test-method> <!-- by_default_should_return_instance_of_FireFoxDriver_If_FireFoxDriver_is_not_available_then_return_chrome_If_chrome_not_available_then_return_ie_If_ie_not_available_then_return_NULL -->
        <test-method status="PASS" signature="by_default_should_return_instance_of_FireFoxDriver_if_FireFoxDriver_is_not_available_then_return_chrome()[pri:0, instance:selcommns.WebdriverFactoryTest@1ebec15]" name="by_default_should_return_instance_of_FireFoxDriver_if_FireFoxDriver_is_not_available_then_return_chrome" duration-ms="0" started-at="2015-03-15T14:42:28Z" finished-at="2015-03-15T14:42:28Z">
          <reporter-output>
          </reporter-output>
        </test-method> <!-- by_default_should_return_instance_of_FireFoxDriver_if_FireFoxDriver_is_not_available_then_return_chrome -->
        <test-method status="PASS" signature="by_default_should_return_instance_of_FireFoxDriver_if_FireFoxDriver_is_not_available_then_return_chrome_if_chrome_not_available_then_return_ie()[pri:0, instance:selcommns.WebdriverFactoryTest@1ebec15]" name="by_default_should_return_instance_of_FireFoxDriver_if_FireFoxDriver_is_not_available_then_return_chrome_if_chrome_not_available_then_return_ie" duration-ms="0" started-at="2015-03-15T14:42:28Z" finished-at="2015-03-15T14:42:28Z">
          <reporter-output>
          </reporter-output>
        </test-method> <!-- by_default_should_return_instance_of_FireFoxDriver_if_FireFoxDriver_is_not_available_then_return_chrome_if_chrome_not_available_then_return_ie -->
      </class> <!-- selcommns.WebdriverFactoryTest -->
    </test> <!-- Command line test -->
  </suite> <!-- selcommns.WebdriverFactoryTest -->
</testng-results>
