<?xml version="1.0" encoding="UTF-8"?>
<testng-results skipped="0" failed="2" total="69" passed="67">
  <reporter-output>
  </reporter-output>
  <suite name="Surefire suite" duration-ms="374" started-at="2015-04-06T16:53:05Z" finished-at="2015-04-06T16:53:05Z">
    <groups>
    </groups>
    <test name="Surefire test" duration-ms="374" started-at="2015-04-06T16:53:05Z" finished-at="2015-04-06T16:53:05Z">
      <class name="com.rc.wefunit.enums.GenericSOInjectablesTest">
        <test-method status="PASS" signature="DATA_SERVICE_NAME()[pri:0, instance:com.rc.wefunit.enums.GenericSOInjectablesTest@4439f31e]" name="DATA_SERVICE_NAME" duration-ms="0" started-at="2015-04-06T21:53:05Z" finished-at="2015-04-06T21:53:05Z">
          <reporter-output>
          </reporter-output>
        </test-method> <!-- DATA_SERVICE_NAME -->
        <test-method status="PASS" signature="SERVICE_OPERATION_NAME()[pri:0, instance:com.rc.wefunit.enums.GenericSOInjectablesTest@4439f31e]" name="SERVICE_OPERATION_NAME" duration-ms="5" started-at="2015-04-06T21:53:05Z" finished-at="2015-04-06T21:53:05Z">
          <reporter-output>
          </reporter-output>
        </test-method> <!-- SERVICE_OPERATION_NAME -->
        <test-method status="PASS" signature="SERVICE_OPERATION_NAME_INDEX_0()[pri:0, instance:com.rc.wefunit.enums.GenericSOInjectablesTest@4439f31e]" name="SERVICE_OPERATION_NAME_INDEX_0" duration-ms="1" started-at="2015-04-06T21:53:05Z" finished-at="2015-04-06T21:53:05Z">
          <reporter-output>
          </reporter-output>
        </test-method> <!-- SERVICE_OPERATION_NAME_INDEX_0 -->
      </class> <!-- com.rc.wefunit.enums.GenericSOInjectablesTest -->
      <class name="com.rc.wefunit.RunnerTest">
        <test-method status="PASS" signature="beforeTest()[pri:0, instance:com.rc.wefunit.RunnerTest@48eff760]" name="beforeTest" is-config="true" duration-ms="13" started-at="2015-04-06T21:53:05Z" finished-at="2015-04-06T21:53:05Z">
          <reporter-output>
          </reporter-output>
        </test-method> <!-- beforeTest -->
        <test-method status="PASS" signature="getTestClassesSet(com.bowstreet.util.SystemProperties)[pri:0, instance:com.rc.wefunit.RunnerTest@48eff760]" name="getTestClassesSet" duration-ms="72" started-at="2015-04-06T21:53:05Z" finished-at="2015-04-06T21:53:05Z">
          <reporter-output>
          </reporter-output>
        </test-method> <!-- getTestClassesSet -->
        <test-method status="PASS" signature="scan_for_test_classes(com.bowstreet.util.SystemProperties)[pri:0, instance:com.rc.wefunit.RunnerTest@48eff760]" name="scan_for_test_classes" duration-ms="14" started-at="2015-04-06T21:53:05Z" finished-at="2015-04-06T21:53:05Z">
          <reporter-output>
          </reporter-output>
        </test-method> <!-- scan_for_test_classes -->
        <test-method status="PASS" signature="scan_for_test_classes_must_throw_IllegalStateException_when_WEB_INF_dir_is_not_a_wef_project(com.bowstreet.util.SystemProperties)[pri:0, instance:com.rc.wefunit.RunnerTest@48eff760]" name="scan_for_test_classes_must_throw_IllegalStateException_when_WEB_INF_dir_is_not_a_wef_project" duration-ms="8" started-at="2015-04-06T21:53:05Z" finished-at="2015-04-06T21:53:05Z">
          <reporter-output>
          </reporter-output>
        </test-method> <!-- scan_for_test_classes_must_throw_IllegalStateException_when_WEB_INF_dir_is_not_a_wef_project -->
        <test-method status="PASS" signature="web_INF_directory_path_web_inf_as_last_directory(com.bowstreet.util.SystemProperties)[pri:0, instance:com.rc.wefunit.RunnerTest@48eff760]" name="web_INF_directory_path_web_inf_as_last_directory" duration-ms="9" started-at="2015-04-06T21:53:05Z" finished-at="2015-04-06T21:53:05Z">
          <reporter-output>
          </reporter-output>
        </test-method> <!-- web_INF_directory_path_web_inf_as_last_directory -->
      </class> <!-- com.rc.wefunit.RunnerTest -->
      <class name="com.rc.wefunit.probes.AssertTest">
        <test-method status="PASS" signature="notNull()[pri:0, instance:com.rc.wefunit.probes.AssertTest@50c87b21]" name="notNull" duration-ms="1" started-at="2015-04-06T21:53:05Z" finished-at="2015-04-06T21:53:05Z">
          <reporter-output>
          </reporter-output>
        </test-method> <!-- notNull -->
      </class> <!-- com.rc.wefunit.probes.AssertTest -->
      <class name="com.rc.wefunit.DependencySignatureTest">
        <test-method status="PASS" signature="class_existence()[pri:0, instance:com.rc.wefunit.DependencySignatureTest@6d78f375]" name="class_existence" duration-ms="1" started-at="2015-04-06T21:53:05Z" finished-at="2015-04-06T21:53:05Z">
          <reporter-output>
          </reporter-output>
        </test-method> <!-- class_existence -->
        <test-method status="PASS" signature="constructor_must_have_Class_as_the_first_parameter_data_type()[pri:0, instance:com.rc.wefunit.DependencySignatureTest@6d78f375]" name="constructor_must_have_Class_as_the_first_parameter_data_type" duration-ms="1" started-at="2015-04-06T21:53:05Z" finished-at="2015-04-06T21:53:05Z">
          <reporter-output>
          </reporter-output>
        </test-method> <!-- constructor_must_have_Class_as_the_first_parameter_data_type -->
        <test-method status="PASS" signature="constructor_must_have_an_Annotation_array_as_the_second_parameter_data_type()[pri:0, instance:com.rc.wefunit.DependencySignatureTest@6d78f375]" name="constructor_must_have_an_Annotation_array_as_the_second_parameter_data_type" duration-ms="0" started-at="2015-04-06T21:53:05Z" finished-at="2015-04-06T21:53:05Z">
          <reporter-output>
          </reporter-output>
        </test-method> <!-- constructor_must_have_an_Annotation_array_as_the_second_parameter_data_type -->
        <test-method status="PASS" signature="field__qualifiers_is_final()[pri:0, instance:com.rc.wefunit.DependencySignatureTest@6d78f375]" name="field__qualifiers_is_final" duration-ms="1" started-at="2015-04-06T21:53:05Z" finished-at="2015-04-06T21:53:05Z">
          <reporter-output>
          </reporter-output>
        </test-method> <!-- field__qualifiers_is_final -->
        <test-method status="PASS" signature="field__qualifiers_is_private()[pri:0, instance:com.rc.wefunit.DependencySignatureTest@6d78f375]" name="field__qualifiers_is_private" duration-ms="0" started-at="2015-04-06T21:53:05Z" finished-at="2015-04-06T21:53:05Z">
          <reporter-output>
          </reporter-output>
        </test-method> <!-- field__qualifiers_is_private -->
        <test-method status="PASS" signature="field_qualifiers()[pri:0, instance:com.rc.wefunit.DependencySignatureTest@6d78f375]" name="field_qualifiers" duration-ms="0" started-at="2015-04-06T21:53:05Z" finished-at="2015-04-06T21:53:05Z">
          <reporter-output>
          </reporter-output>
        </test-method> <!-- field_qualifiers -->
        <test-method status="PASS" signature="field_qualifiers_is_an_Array_of_Type_Annotation()[pri:0, instance:com.rc.wefunit.DependencySignatureTest@6d78f375]" name="field_qualifiers_is_an_Array_of_Type_Annotation" duration-ms="0" started-at="2015-04-06T21:53:05Z" finished-at="2015-04-06T21:53:05Z">
          <reporter-output>
          </reporter-output>
        </test-method> <!-- field_qualifiers_is_an_Array_of_Type_Annotation -->
        <test-method status="PASS" signature="field_returnedObjectType()[pri:0, instance:com.rc.wefunit.DependencySignatureTest@6d78f375]" name="field_returnedObjectType" duration-ms="0" started-at="2015-04-06T21:53:05Z" finished-at="2015-04-06T21:53:05Z">
          <reporter-output>
          </reporter-output>
        </test-method> <!-- field_returnedObjectType -->
        <test-method status="PASS" signature="field_returnedObjectType_field_type_is_java_lang_Class()[pri:0, instance:com.rc.wefunit.DependencySignatureTest@6d78f375]" name="field_returnedObjectType_field_type_is_java_lang_Class" duration-ms="1" started-at="2015-04-06T21:53:05Z" finished-at="2015-04-06T21:53:05Z">
          <reporter-output>
          </reporter-output>
        </test-method> <!-- field_returnedObjectType_field_type_is_java_lang_Class -->
        <test-method status="PASS" signature="field_returnedObjectType_is_final()[pri:0, instance:com.rc.wefunit.DependencySignatureTest@6d78f375]" name="field_returnedObjectType_is_final" duration-ms="1" started-at="2015-04-06T21:53:05Z" finished-at="2015-04-06T21:53:05Z">
          <reporter-output>
          </reporter-output>
        </test-method> <!-- field_returnedObjectType_is_final -->
        <test-method status="PASS" signature="field_returnedObjectType_is_private()[pri:0, instance:com.rc.wefunit.DependencySignatureTest@6d78f375]" name="field_returnedObjectType_is_private" duration-ms="2" started-at="2015-04-06T21:53:05Z" finished-at="2015-04-06T21:53:05Z">
          <reporter-output>
          </reporter-output>
        </test-method> <!-- field_returnedObjectType_is_private -->
        <test-method status="PASS" signature="presence_of_equals_and_hashcode_methods()[pri:0, instance:com.rc.wefunit.DependencySignatureTest@6d78f375]" name="presence_of_equals_and_hashcode_methods" duration-ms="0" started-at="2015-04-06T21:53:05Z" finished-at="2015-04-06T21:53:05Z">
          <reporter-output>
          </reporter-output>
        </test-method> <!-- presence_of_equals_and_hashcode_methods -->
        <test-method status="PASS" signature="the_only_constructor_is_public()[pri:0, instance:com.rc.wefunit.DependencySignatureTest@6d78f375]" name="the_only_constructor_is_public" duration-ms="0" started-at="2015-04-06T21:53:05Z" finished-at="2015-04-06T21:53:05Z">
          <reporter-output>
          </reporter-output>
        </test-method> <!-- the_only_constructor_is_public -->
        <test-method status="PASS" signature="there_is_only_one_constructor()[pri:0, instance:com.rc.wefunit.DependencySignatureTest@6d78f375]" name="there_is_only_one_constructor" duration-ms="4" started-at="2015-04-06T21:53:05Z" finished-at="2015-04-06T21:53:05Z">
          <reporter-output>
          </reporter-output>
        </test-method> <!-- there_is_only_one_constructor -->
        <test-method status="PASS" signature="throw_IllegalStateException_when_provided_annotation_is_not_a_Qualifier()[pri:0, instance:com.rc.wefunit.DependencySignatureTest@6d78f375]" name="throw_IllegalStateException_when_provided_annotation_is_not_a_Qualifier" duration-ms="2" started-at="2015-04-06T21:53:05Z" finished-at="2015-04-06T21:53:05Z">
          <reporter-output>
          </reporter-output>
        </test-method> <!-- throw_IllegalStateException_when_provided_annotation_is_not_a_Qualifier -->
      </class> <!-- com.rc.wefunit.DependencySignatureTest -->
      <class name="com.rc.wefunit.GenericServiceOperationTestTest">
        <test-method status="PASS" signature="getter_for_dataServiceName()[pri:0, instance:com.rc.wefunit.GenericServiceOperationTestTest@3c756e4d]" name="getter_for_dataServiceName" duration-ms="1" started-at="2015-04-06T21:53:05Z" finished-at="2015-04-06T21:53:05Z">
          <reporter-output>
          </reporter-output>
        </test-method> <!-- getter_for_dataServiceName -->
        <test-method status="PASS" signature="getter_for_serviceOperationName()[pri:0, instance:com.rc.wefunit.GenericServiceOperationTestTest@3c756e4d]" name="getter_for_serviceOperationName" duration-ms="0" started-at="2015-04-06T21:53:05Z" finished-at="2015-04-06T21:53:05Z">
          <reporter-output>
          </reporter-output>
        </test-method> <!-- getter_for_serviceOperationName -->
        <test-method status="PASS" signature="getter_for_webAppAccess()[pri:0, instance:com.rc.wefunit.GenericServiceOperationTestTest@3c756e4d]" name="getter_for_webAppAccess" duration-ms="1" started-at="2015-04-06T21:53:05Z" finished-at="2015-04-06T21:53:05Z">
          <reporter-output>
          </reporter-output>
        </test-method> <!-- getter_for_webAppAccess -->
        <test-method status="PASS" signature="is_dataServiceName_field_with_DATA_SERVICE_NAME_annotation()[pri:0, instance:com.rc.wefunit.GenericServiceOperationTestTest@3c756e4d]" name="is_dataServiceName_field_with_DATA_SERVICE_NAME_annotation" duration-ms="1" started-at="2015-04-06T21:53:05Z" finished-at="2015-04-06T21:53:05Z">
          <reporter-output>
          </reporter-output>
        </test-method> <!-- is_dataServiceName_field_with_DATA_SERVICE_NAME_annotation -->
        <test-method status="PASS" signature="is_dataServiceName_field_with_DATA_SERVICE_NAME_annotation_with_value_DATA_SERVICE_NAME_present()[pri:0, instance:com.rc.wefunit.GenericServiceOperationTestTest@3c756e4d]" name="is_dataServiceName_field_with_DATA_SERVICE_NAME_annotation_with_value_DATA_SERVICE_NAME_present" duration-ms="0" started-at="2015-04-06T21:53:05Z" finished-at="2015-04-06T21:53:05Z">
          <reporter-output>
          </reporter-output>
        </test-method> <!-- is_dataServiceName_field_with_DATA_SERVICE_NAME_annotation_with_value_DATA_SERVICE_NAME_present -->
        <test-method status="PASS" signature="is_dataServiceName_string_field_contains_Inject_annotation()[pri:0, instance:com.rc.wefunit.GenericServiceOperationTestTest@3c756e4d]" name="is_dataServiceName_string_field_contains_Inject_annotation" duration-ms="2" started-at="2015-04-06T21:53:05Z" finished-at="2015-04-06T21:53:05Z">
          <reporter-output>
          </reporter-output>
        </test-method> <!-- is_dataServiceName_string_field_contains_Inject_annotation -->
        <test-method status="PASS" signature="is_dataServiceName_string_field_is_present()[pri:0, instance:com.rc.wefunit.GenericServiceOperationTestTest@3c756e4d]" name="is_dataServiceName_string_field_is_present" duration-ms="1" started-at="2015-04-06T21:53:05Z" finished-at="2015-04-06T21:53:05Z">
          <reporter-output>
          </reporter-output>
        </test-method> <!-- is_dataServiceName_string_field_is_present -->
        <test-method status="PASS" signature="is_serviceOperationName_string_field_contains_Inject_annotation()[pri:0, instance:com.rc.wefunit.GenericServiceOperationTestTest@3c756e4d]" name="is_serviceOperationName_string_field_contains_Inject_annotation" duration-ms="0" started-at="2015-04-06T21:53:05Z" finished-at="2015-04-06T21:53:05Z">
          <reporter-output>
          </reporter-output>
        </test-method> <!-- is_serviceOperationName_string_field_contains_Inject_annotation -->
        <test-method status="PASS" signature="is_serviceOperationName_string_field_is_protected()[pri:0, instance:com.rc.wefunit.GenericServiceOperationTestTest@3c756e4d]" name="is_serviceOperationName_string_field_is_protected" duration-ms="0" started-at="2015-04-06T21:53:05Z" finished-at="2015-04-06T21:53:05Z">
          <reporter-output>
          </reporter-output>
        </test-method> <!-- is_serviceOperationName_string_field_is_protected -->
        <test-method status="PASS" signature="is_serviceOperationName_string_field_present()[pri:0, instance:com.rc.wefunit.GenericServiceOperationTestTest@3c756e4d]" name="is_serviceOperationName_string_field_present" duration-ms="2" started-at="2015-04-06T21:53:05Z" finished-at="2015-04-06T21:53:05Z">
          <reporter-output>
          </reporter-output>
        </test-method> <!-- is_serviceOperationName_string_field_present -->
        <test-method status="PASS" signature="is_service_operation_exists_Method_exists()[pri:0, instance:com.rc.wefunit.GenericServiceOperationTestTest@3c756e4d]" name="is_service_operation_exists_Method_exists" duration-ms="0" started-at="2015-04-06T21:53:05Z" finished-at="2015-04-06T21:53:05Z">
          <reporter-output>
          </reporter-output>
        </test-method> <!-- is_service_operation_exists_Method_exists -->
        <test-method status="PASS" signature="is_service_operation_exists_method_should_have_Test_annotation()[pri:0, instance:com.rc.wefunit.GenericServiceOperationTestTest@3c756e4d]" name="is_service_operation_exists_method_should_have_Test_annotation" duration-ms="2" started-at="2015-04-06T21:53:05Z" finished-at="2015-04-06T21:53:05Z">
          <reporter-output>
          </reporter-output>
        </test-method> <!-- is_service_operation_exists_method_should_have_Test_annotation -->
        <test-method status="PASS" signature="is_service_operation_name_is_in_correct_format_Method_contains_BeforeClass_annotation()[pri:0, instance:com.rc.wefunit.GenericServiceOperationTestTest@3c756e4d]" name="is_service_operation_name_is_in_correct_format_Method_contains_BeforeClass_annotation" duration-ms="3" started-at="2015-04-06T21:53:05Z" finished-at="2015-04-06T21:53:05Z">
          <reporter-output>
          </reporter-output>
        </test-method> <!-- is_service_operation_name_is_in_correct_format_Method_contains_BeforeClass_annotation -->
        <test-method status="PASS" signature="is_service_operation_name_is_in_correct_format_Method_exists()[pri:0, instance:com.rc.wefunit.GenericServiceOperationTestTest@3c756e4d]" name="is_service_operation_name_is_in_correct_format_Method_exists" duration-ms="8" started-at="2015-04-06T21:53:05Z" finished-at="2015-04-06T21:53:05Z">
          <reporter-output>
          </reporter-output>
        </test-method> <!-- is_service_operation_name_is_in_correct_format_Method_exists -->
        <test-method status="PASS" signature="is_webAppAccess_field_with_GenericSODependency_annotation_present()[pri:0, instance:com.rc.wefunit.GenericServiceOperationTestTest@3c756e4d]" name="is_webAppAccess_field_with_GenericSODependency_annotation_present" duration-ms="1" started-at="2015-04-06T21:53:05Z" finished-at="2015-04-06T21:53:05Z">
          <reporter-output>
          </reporter-output>
        </test-method> <!-- is_webAppAccess_field_with_GenericSODependency_annotation_present -->
        <test-method status="PASS" signature="is_webAppAccess_field_with_GenericSODependency_annotation_with_value_SERVICE_CONSUMER_BUILDER_FIXTURE_MODEL_present()[pri:0, instance:com.rc.wefunit.GenericServiceOperationTestTest@3c756e4d]" name="is_webAppAccess_field_with_GenericSODependency_annotation_with_value_SERVICE_CONSUMER_BUILDER_FIXTURE_MODEL_present" duration-ms="1" started-at="2015-04-06T21:53:05Z" finished-at="2015-04-06T21:53:05Z">
          <reporter-output>
          </reporter-output>
        </test-method> <!-- is_webAppAccess_field_with_GenericSODependency_annotation_with_value_SERVICE_CONSUMER_BUILDER_FIXTURE_MODEL_present -->
        <test-method status="PASS" signature="is_webAppAccess_field_with_Inject_annotation_present()[pri:0, instance:com.rc.wefunit.GenericServiceOperationTestTest@3c756e4d]" name="is_webAppAccess_field_with_Inject_annotation_present" duration-ms="0" started-at="2015-04-06T21:53:05Z" finished-at="2015-04-06T21:53:05Z">
          <reporter-output>
          </reporter-output>
        </test-method> <!-- is_webAppAccess_field_with_Inject_annotation_present -->
        <test-method status="PASS" signature="is_webAppAccess_field_with_service_consumer_fixtures_annotation_is_protected()[pri:0, instance:com.rc.wefunit.GenericServiceOperationTestTest@3c756e4d]" name="is_webAppAccess_field_with_service_consumer_fixtures_annotation_is_protected" duration-ms="0" started-at="2015-04-06T21:53:05Z" finished-at="2015-04-06T21:53:05Z">
          <reporter-output>
          </reporter-output>
        </test-method> <!-- is_webAppAccess_field_with_service_consumer_fixtures_annotation_is_protected -->
        <test-method status="PASS" signature="serviceOperationName_field_is_GenericSODependency_annotation_with_value_SERVICE_OPERATION_NAME_present()[pri:0, instance:com.rc.wefunit.GenericServiceOperationTestTest@3c756e4d]" name="serviceOperationName_field_is_GenericSODependency_annotation_with_value_SERVICE_OPERATION_NAME_present" duration-ms="0" started-at="2015-04-06T21:53:05Z" finished-at="2015-04-06T21:53:05Z">
          <reporter-output>
          </reporter-output>
        </test-method> <!-- serviceOperationName_field_is_GenericSODependency_annotation_with_value_SERVICE_OPERATION_NAME_present -->
        <test-method status="PASS" signature="serviceOperationName_field_is_GenericSODependency_annotation_present()[pri:0, instance:com.rc.wefunit.GenericServiceOperationTestTest@3c756e4d]" name="serviceOperationName_field_is_GenericSODependency_annotation_present" duration-ms="0" started-at="2015-04-06T21:53:05Z" finished-at="2015-04-06T21:53:05Z">
          <reporter-output>
          </reporter-output>
        </test-method> <!-- serviceOperationName_field_is_GenericSODependency_annotation_present -->
      </class> <!-- com.rc.wefunit.GenericServiceOperationTestTest -->
      <class name="com.rc.wefunit.TestClassInstantiationUtilityTest">
        <test-method status="PASS" signature="instantiate_subclass_of_GenericServiceOperationTest_dataServiceName_field_injection_Test_1()[pri:0, instance:com.rc.wefunit.TestClassInstantiationUtilityTest@7c0e2abd]" name="instantiate_subclass_of_GenericServiceOperationTest_dataServiceName_field_injection_Test_1" duration-ms="22" started-at="2015-04-06T21:53:05Z" finished-at="2015-04-06T21:53:05Z">
          <reporter-output>
          </reporter-output>
        </test-method> <!-- instantiate_subclass_of_GenericServiceOperationTest_dataServiceName_field_injection_Test_1 -->
        <test-method status="PASS" signature="instantiate_subclass_of_GenericServiceOperationTest_dataServiceName_field_injection_Test_2()[pri:0, instance:com.rc.wefunit.TestClassInstantiationUtilityTest@7c0e2abd]" name="instantiate_subclass_of_GenericServiceOperationTest_dataServiceName_field_injection_Test_2" duration-ms="1" started-at="2015-04-06T21:53:05Z" finished-at="2015-04-06T21:53:05Z">
          <reporter-output>
          </reporter-output>
        </test-method> <!-- instantiate_subclass_of_GenericServiceOperationTest_dataServiceName_field_injection_Test_2 -->
        <test-method status="PASS" signature="instantiate_subclass_of_GenericServiceOperationTest_serviceOperationName()[pri:0, instance:com.rc.wefunit.TestClassInstantiationUtilityTest@7c0e2abd]" name="instantiate_subclass_of_GenericServiceOperationTest_serviceOperationName" duration-ms="1" started-at="2015-04-06T21:53:05Z" finished-at="2015-04-06T21:53:05Z">
          <reporter-output>
          </reporter-output>
        </test-method> <!-- instantiate_subclass_of_GenericServiceOperationTest_serviceOperationName -->
        <test-method status="PASS" signature="instantiate_subclass_of_GenericServiceOperationTest_serviceOperationName_field_1()[pri:0, instance:com.rc.wefunit.TestClassInstantiationUtilityTest@7c0e2abd]" name="instantiate_subclass_of_GenericServiceOperationTest_serviceOperationName_field_1" duration-ms="1" started-at="2015-04-06T21:53:05Z" finished-at="2015-04-06T21:53:05Z">
          <reporter-output>
          </reporter-output>
        </test-method> <!-- instantiate_subclass_of_GenericServiceOperationTest_serviceOperationName_field_1 -->
        <test-method status="PASS" signature="instantiate_subclass_of_GenericServiceOperationTest_serviceOperationName_field_2()[pri:0, instance:com.rc.wefunit.TestClassInstantiationUtilityTest@7c0e2abd]" name="instantiate_subclass_of_GenericServiceOperationTest_serviceOperationName_field_2" duration-ms="2" started-at="2015-04-06T21:53:05Z" finished-at="2015-04-06T21:53:05Z">
          <reporter-output>
          </reporter-output>
        </test-method> <!-- instantiate_subclass_of_GenericServiceOperationTest_serviceOperationName_field_2 -->
        <test-method status="FAIL" signature="instantiate_subclass_of_GenericServiceOperationTest_webAppAccess_field_injection()[pri:0, instance:com.rc.wefunit.TestClassInstantiationUtilityTest@7c0e2abd]" name="instantiate_subclass_of_GenericServiceOperationTest_webAppAccess_field_injection" duration-ms="6" started-at="2015-04-06T21:53:05Z" finished-at="2015-04-06T21:53:05Z">
          <exception class="java.lang.AssertionError">
            <message>
              <![CDATA[expected object to not be null]]>
            </message>
            <full-stacktrace>
              <![CDATA[java.lang.AssertionError: expected object to not be null
	at com.rc.wefunit.TestClassInstantiationUtilityTest.instantiate_subclass_of_GenericServiceOperationTest_webAppAccess_field_injection(TestClassInstantiationUtilityTest.java:101)
	at sun.reflect.NativeMethodAccessorImpl.invoke0(Native Method)
	at java.lang.reflect.Method.invoke(Method.java:483)
	at org.apache.maven.surefire.testng.TestNGExecutor.run(TestNGExecutor.java:115)
	at org.apache.maven.surefire.testng.TestNGDirectoryTestSuite.executeMulti(TestNGDirectoryTestSuite.java:205)
	at org.apache.maven.surefire.testng.TestNGDirectoryTestSuite.execute(TestNGDirectoryTestSuite.java:108)
	at org.apache.maven.surefire.testng.TestNGProvider.invoke(TestNGProvider.java:111)
	at org.apache.maven.surefire.booter.ForkedBooter.invokeProviderInSameClassLoader(ForkedBooter.java:203)
	at org.apache.maven.surefire.booter.ForkedBooter.runSuitesInProcess(ForkedBooter.java:155)
	at org.apache.maven.surefire.booter.ForkedBooter.main(ForkedBooter.java:103)
]]>
            </full-stacktrace>
          </exception> <!-- java.lang.AssertionError -->
          <reporter-output>
          </reporter-output>
        </test-method> <!-- instantiate_subclass_of_GenericServiceOperationTest_webAppAccess_field_injection -->
      </class> <!-- com.rc.wefunit.TestClassInstantiationUtilityTest -->
      <class name="com.rc.wefunit.producers.FactoryProducersTest">
        <test-method status="PASS" signature="getGSOTServiceOperationName()[pri:0, instance:com.rc.wefunit.producers.FactoryProducersTest@1810399e]" name="getGSOTServiceOperationName" duration-ms="3" started-at="2015-04-06T21:53:05Z" finished-at="2015-04-06T21:53:05Z">
          <reporter-output>
          </reporter-output>
        </test-method> <!-- getGSOTServiceOperationName -->
        <test-method status="PASS" signature="getSCBuildersFixturesModel()[pri:0, instance:com.rc.wefunit.producers.FactoryProducersTest@1810399e]" name="getSCBuildersFixturesModel" duration-ms="0" started-at="2015-04-06T21:53:05Z" finished-at="2015-04-06T21:53:05Z">
          <reporter-output>
          </reporter-output>
        </test-method> <!-- getSCBuildersFixturesModel -->
      </class> <!-- com.rc.wefunit.producers.FactoryProducersTest -->
      <class name="com.rc.wefunit.FixtureDependencyInjectorUtilityTest">
        <test-method status="PASS" signature="inject_method_with_2_parameters_Field_and_Object1_GenericServiceOperationTest_serviceOperationName_field_1()[pri:0, instance:com.rc.wefunit.FixtureDependencyInjectorUtilityTest@5f375618]" name="inject_method_with_2_parameters_Field_and_Object1_GenericServiceOperationTest_serviceOperationName_field_1" duration-ms="1" started-at="2015-04-06T21:53:05Z" finished-at="2015-04-06T21:53:05Z">
          <reporter-output>
          </reporter-output>
        </test-method> <!-- inject_method_with_2_parameters_Field_and_Object1_GenericServiceOperationTest_serviceOperationName_field_1 -->
        <test-method status="PASS" signature="inject_method_with_2_parameters_Field_and_Object2_GenericServiceOperationTest_serviceOperationName_field_2()[pri:0, instance:com.rc.wefunit.FixtureDependencyInjectorUtilityTest@5f375618]" name="inject_method_with_2_parameters_Field_and_Object2_GenericServiceOperationTest_serviceOperationName_field_2" duration-ms="0" started-at="2015-04-06T21:53:05Z" finished-at="2015-04-06T21:53:05Z">
          <reporter-output>
          </reporter-output>
        </test-method> <!-- inject_method_with_2_parameters_Field_and_Object2_GenericServiceOperationTest_serviceOperationName_field_2 -->
        <test-method status="PASS" signature="inject_method_with_2_parameters_Field_and_Object__GenericServiceOperationTest_dataServiceName_field_injection_Test_1()[pri:0, instance:com.rc.wefunit.FixtureDependencyInjectorUtilityTest@5f375618]" name="inject_method_with_2_parameters_Field_and_Object__GenericServiceOperationTest_dataServiceName_field_injection_Test_1" duration-ms="4" started-at="2015-04-06T21:53:05Z" finished-at="2015-04-06T21:53:05Z">
          <reporter-output>
          </reporter-output>
        </test-method> <!-- inject_method_with_2_parameters_Field_and_Object__GenericServiceOperationTest_dataServiceName_field_injection_Test_1 -->
        <test-method status="PASS" signature="inject_method_with_2_parameters_Field_and_Object__GenericServiceOperationTest_dataServiceName_field_injection_Test_2()[pri:0, instance:com.rc.wefunit.FixtureDependencyInjectorUtilityTest@5f375618]" name="inject_method_with_2_parameters_Field_and_Object__GenericServiceOperationTest_dataServiceName_field_injection_Test_2" duration-ms="0" started-at="2015-04-06T21:53:05Z" finished-at="2015-04-06T21:53:05Z">
          <reporter-output>
          </reporter-output>
        </test-method> <!-- inject_method_with_2_parameters_Field_and_Object__GenericServiceOperationTest_dataServiceName_field_injection_Test_2 -->
        <test-method status="FAIL" signature="inject_method_with_2_parameters_Field_and_Object__GenericServiceOperationTest_webAppAccessSC_field_injection_Test_1()[pri:0, instance:com.rc.wefunit.FixtureDependencyInjectorUtilityTest@5f375618]" name="inject_method_with_2_parameters_Field_and_Object__GenericServiceOperationTest_webAppAccessSC_field_injection_Test_1" duration-ms="0" started-at="2015-04-06T21:53:05Z" finished-at="2015-04-06T21:53:05Z">
          <exception class="java.lang.AssertionError">
            <message>
              <![CDATA[expected object to not be null]]>
            </message>
            <full-stacktrace>
              <![CDATA[java.lang.AssertionError: expected object to not be null
	at com.rc.wefunit.FixtureDependencyInjectorUtilityTest.inject_method_with_2_parameters_Field_and_Object__GenericServiceOperationTest_webAppAccessSC_field_injection_Test_1(FixtureDependencyInjectorUtilityTest.java:135)
	at sun.reflect.NativeMethodAccessorImpl.invoke0(Native Method)
	at java.lang.reflect.Method.invoke(Method.java:483)
	at org.apache.maven.surefire.testng.TestNGExecutor.run(TestNGExecutor.java:115)
	at org.apache.maven.surefire.testng.TestNGDirectoryTestSuite.executeMulti(TestNGDirectoryTestSuite.java:205)
	at org.apache.maven.surefire.testng.TestNGDirectoryTestSuite.execute(TestNGDirectoryTestSuite.java:108)
	at org.apache.maven.surefire.testng.TestNGProvider.invoke(TestNGProvider.java:111)
	at org.apache.maven.surefire.booter.ForkedBooter.invokeProviderInSameClassLoader(ForkedBooter.java:203)
	at org.apache.maven.surefire.booter.ForkedBooter.runSuitesInProcess(ForkedBooter.java:155)
	at org.apache.maven.surefire.booter.ForkedBooter.main(ForkedBooter.java:103)
]]>
            </full-stacktrace>
          </exception> <!-- java.lang.AssertionError -->
          <reporter-output>
          </reporter-output>
        </test-method> <!-- inject_method_with_2_parameters_Field_and_Object__GenericServiceOperationTest_webAppAccessSC_field_injection_Test_1 -->
        <test-method status="PASS" signature="must_throw_IllegalStateException_when_a_non_injectable_field_is_provided_to_inject_method()[pri:0, instance:com.rc.wefunit.FixtureDependencyInjectorUtilityTest@5f375618]" name="must_throw_IllegalStateException_when_a_non_injectable_field_is_provided_to_inject_method" duration-ms="1" started-at="2015-04-06T21:53:05Z" finished-at="2015-04-06T21:53:05Z">
          <reporter-output>
          </reporter-output>
        </test-method> <!-- must_throw_IllegalStateException_when_a_non_injectable_field_is_provided_to_inject_method -->
      </class> <!-- com.rc.wefunit.FixtureDependencyInjectorUtilityTest -->
      <class name="com.rc.wefunit.annotations.GenericSODependencyTest">
        <test-method status="PASS" signature="is_a_Qualifier()[pri:0, instance:com.rc.wefunit.annotations.GenericSODependencyTest@5afa04c]" name="is_a_Qualifier" duration-ms="1" started-at="2015-04-06T21:53:05Z" finished-at="2015-04-06T21:53:05Z">
          <reporter-output>
          </reporter-output>
        </test-method> <!-- is_a_Qualifier -->
        <test-method status="PASS" signature="is_annotation_GenericSODependency()[pri:0, instance:com.rc.wefunit.annotations.GenericSODependencyTest@5afa04c]" name="is_annotation_GenericSODependency" duration-ms="0" started-at="2015-04-06T21:53:05Z" finished-at="2015-04-06T21:53:05Z">
          <reporter-output>
          </reporter-output>
        </test-method> <!-- is_annotation_GenericSODependency -->
        <test-method status="PASS" signature="is_value_method_present()[pri:0, instance:com.rc.wefunit.annotations.GenericSODependencyTest@5afa04c]" name="is_value_method_present" duration-ms="0" started-at="2015-04-06T21:53:05Z" finished-at="2015-04-06T21:53:05Z">
          <reporter-output>
          </reporter-output>
        </test-method> <!-- is_value_method_present -->
        <test-method status="PASS" signature="target()[pri:0, instance:com.rc.wefunit.annotations.GenericSODependencyTest@5afa04c]" name="target" duration-ms="0" started-at="2015-04-06T21:53:05Z" finished-at="2015-04-06T21:53:05Z">
          <reporter-output>
          </reporter-output>
        </test-method> <!-- target -->
        <test-method status="PASS" signature="target_METHOD_AND_FIELD()[pri:0, instance:com.rc.wefunit.annotations.GenericSODependencyTest@5afa04c]" name="target_METHOD_AND_FIELD" duration-ms="0" started-at="2015-04-06T21:53:05Z" finished-at="2015-04-06T21:53:05Z">
          <reporter-output>
          </reporter-output>
        </test-method> <!-- target_METHOD_AND_FIELD -->
      </class> <!-- com.rc.wefunit.annotations.GenericSODependencyTest -->
      <class name="com.rc.wefunit.DependencyScannerTest">
        <test-method status="PASS" signature="interface_DependencyScanner_existence()[pri:0, instance:com.rc.wefunit.DependencyScannerTest@215be6bb]" name="interface_DependencyScanner_existence" duration-ms="0" started-at="2015-04-06T21:53:05Z" finished-at="2015-04-06T21:53:05Z">
          <reporter-output>
          </reporter-output>
        </test-method> <!-- interface_DependencyScanner_existence -->
        <test-method status="PASS" signature="method_getDependencies_signatures()[pri:0, instance:com.rc.wefunit.DependencyScannerTest@215be6bb]" name="method_getDependencies_signatures" duration-ms="0" started-at="2015-04-06T21:53:05Z" finished-at="2015-04-06T21:53:05Z">
          <reporter-output>
          </reporter-output>
        </test-method> <!-- method_getDependencies_signatures -->
        <test-method status="PASS" signature="method_scanDependencies_exists()[pri:0, instance:com.rc.wefunit.DependencyScannerTest@215be6bb]" name="method_scanDependencies_exists" duration-ms="0" started-at="2015-04-06T21:53:05Z" finished-at="2015-04-06T21:53:05Z">
          <reporter-output>
          </reporter-output>
        </test-method> <!-- method_scanDependencies_exists -->
      </class> <!-- com.rc.wefunit.DependencyScannerTest -->
      <class name="com.rc.wefunit.annotations.BeforeClassTest">
        <test-method status="PASS" signature="BeforeClass_annotation()[pri:0, instance:com.rc.wefunit.annotations.BeforeClassTest@32d992b2]" name="BeforeClass_annotation" duration-ms="5" started-at="2015-04-06T21:53:05Z" finished-at="2015-04-06T21:53:05Z">
          <reporter-output>
          </reporter-output>
        </test-method> <!-- BeforeClass_annotation -->
        <test-method status="PASS" signature="BeforeClass_annotation_RetentionPolicy_RUNTIME()[pri:0, instance:com.rc.wefunit.annotations.BeforeClassTest@32d992b2]" name="BeforeClass_annotation_RetentionPolicy_RUNTIME" duration-ms="6" started-at="2015-04-06T21:53:05Z" finished-at="2015-04-06T21:53:05Z">
          <reporter-output>
          </reporter-output>
        </test-method> <!-- BeforeClass_annotation_RetentionPolicy_RUNTIME -->
        <test-method status="PASS" signature="BeforeClass_annotation_Target_METHOD()[pri:0, instance:com.rc.wefunit.annotations.BeforeClassTest@32d992b2]" name="BeforeClass_annotation_Target_METHOD" duration-ms="0" started-at="2015-04-06T21:53:05Z" finished-at="2015-04-06T21:53:05Z">
          <reporter-output>
          </reporter-output>
        </test-method> <!-- BeforeClass_annotation_Target_METHOD -->
        <test-method status="PASS" signature="BeforeClass_annotation_enabled_method_default_value_true()[pri:0, instance:com.rc.wefunit.annotations.BeforeClassTest@32d992b2]" name="BeforeClass_annotation_enabled_method_default_value_true" duration-ms="0" started-at="2015-04-06T21:53:05Z" finished-at="2015-04-06T21:53:05Z">
          <reporter-output>
          </reporter-output>
        </test-method> <!-- BeforeClass_annotation_enabled_method_default_value_true -->
      </class> <!-- com.rc.wefunit.annotations.BeforeClassTest -->
    </test> <!-- Surefire test -->
  </suite> <!-- Surefire suite -->
</testng-results>
