-------------------------------------------------------------------------------
Test set: TestSuite
-------------------------------------------------------------------------------
Tests run: 34, Failures: 1, Errors: 0, Skipped: 0, Time elapsed: 1.278 sec <<< FAILURE!
domain_names_can_not_contain_two_consecutive_dot_characters(str.frmt.validators.EmailValidator_DomainName_Test)  Time elapsed: 0.01 sec  <<< FAILURE!
java.lang.AssertionError: expected [false] but found [true]
	at org.testng.Assert.fail(Assert.java:94)
	at org.testng.Assert.failNotEquals(Assert.java:494)
	at org.testng.Assert.assertFalse(Assert.java:63)
	at org.testng.Assert.assertFalse(Assert.java:73)
	at str.frmt.validators.EmailValidator_DomainName_Test.domain_names_can_not_contain_two_consecutive_dot_characters(EmailValidator_DomainName_Test.java:76)

