<!DOCTYPE html PUBLIC "-//W3C//DTD XHTML 1.1//EN" "http://www.w3.org/TR/xhtml11/DTD/xhtml11.dtd">
<html xmlns="http://www.w3.org/1999/xhtml"><head><title>TestNG Report</title><style type="text/css">table {margin-bottom:10px;border-collapse:collapse;empty-cells:show}th,td {border:1px solid #009;padding:.25em .5em}th {vertical-align:bottom}td {vertical-align:top}table a {font-weight:bold}.stripe td {background-color: #E6EBF9}.num {text-align:right}.passedodd td {background-color: #3F3}.passedeven td {background-color: #0A0}.skippedodd td {background-color: #DDD}.skippedeven td {background-color: #CCC}.failedodd td,.attn {background-color: #F33}.failedeven td,.stripe .attn {background-color: #D00}.stacktrace {white-space:pre;font-family:monospace}.totop {font-size:85%;text-align:center;border-bottom:2px solid #000}</style></head><body><table><tr><th>Test</th><th># Passed</th><th># Skipped</th><th># Failed</th><th>Time (ms)</th><th>Included Groups</th><th>Excluded Groups</th></tr><tr><th colspan="7">office-desktop</th></tr><tr><td><a href="#t0">Utilities Package Test</a></td><td class="num">3</td><td class="num">0</td><td class="num attn">1</td><td class="num">101,151</td><td></td><td></td></tr></table><table><thead><tr><th>Class</th><th>Method</th><th>Start</th><th>Time (ms)</th></tr></thead><tbody><tr><th colspan="4">office-desktop</th></tr></tbody><tbody id="t0"><tr><th colspan="4">Utilities Package Test &#8212; failed</th></tr><tr class="failedeven"><td rowspan="1">rc.qaportal.web.automation.aramark.utilities.UserLoginUtilityTest</td><td><a href="#m0">login_DEV_2_GESPRA</a></td><td rowspan="1">1426266630555</td><td rowspan="1">24691</td></tr><tr><th colspan="4">Utilities Package Test &#8212; passed</th></tr><tr class="passedeven"><td rowspan="2">rc.qaportal.web.automation.aramark.utilities.SuperUserLoginUtilityTest</td><td><a href="#m1">dev2_super_user_credentials</a></td><td rowspan="1">1426266655295</td><td rowspan="1">1</td></tr><tr class="passedeven"><td><a href="#m2">login_super_dev2</a></td><td rowspan="1">1426266655297</td><td rowspan="1">36412</td></tr><tr class="passedodd"><td rowspan="1">rc.qaportal.web.automation.aramark.utilities.UserLoginUtilityTest</td><td><a href="#m3">login_DEV_2_CPS</a></td><td rowspan="1">1426266590591</td><td rowspan="1">39963</td></tr></tbody></table><h2>Utilities Package Test</h2><h3 id="m0">rc.qaportal.web.automation.aramark.utilities.UserLoginUtilityTest#login_DEV_2_GESPRA</h3><table class="result"><tr><th>Exception</th></tr><tr><td><div class="stacktrace">org.openqa.selenium.NoSuchElementException: Unable to locate element: {&quot;method&quot;:&quot;id&quot;,&quot;selector&quot;:&quot;sizing_logout&quot;}
Command duration or timeout: 111 milliseconds
For documentation on this error, please visit: http://seleniumhq.org/exceptions/no_such_element.html
Build info: version: &apos;2.45.0&apos;, revision: &apos;5017cb8e7ca8e37638dc3091b2440b90a1d8686f&apos;, time: &apos;2015-02-27 09:10:26&apos;
System info: host: &apos;ubuntu&apos;, ip: &apos;127.0.1.1&apos;, os.name: &apos;Linux&apos;, os.arch: &apos;amd64&apos;, os.version: &apos;3.13.0-32-generic&apos;, java.version: &apos;1.8.0_11&apos;
Driver info: org.openqa.selenium.firefox.FirefoxDriver
Capabilities [{applicationCacheEnabled=true, rotatable=false, handlesAlerts=true, databaseEnabled=true, version=31.0, platform=LINUX, nativeEvents=false, acceptSslCerts=true, webStorageEnabled=true, locationContextEnabled=true, browserName=firefox, takesScreenshot=true, javascriptEnabled=true, cssSelectorsEnabled=true}]
Session ID: cce8f1b3-1049-413d-a161-4a022b20456f
*** Element info: {Using=id, value=sizing_logout}
	at org.openqa.selenium.remote.ErrorHandler.createThrowable(ErrorHandler.java:204)
	at org.openqa.selenium.remote.ErrorHandler.throwIfResponseFailed(ErrorHandler.java:156)
	at org.openqa.selenium.remote.RemoteWebDriver.execute(RemoteWebDriver.java:599)
	at org.openqa.selenium.remote.RemoteWebDriver.findElement(RemoteWebDriver.java:352)
	at org.openqa.selenium.remote.RemoteWebDriver.findElementById(RemoteWebDriver.java:393)
	at org.openqa.selenium.By$ById.findElement(By.java:214)
	at org.openqa.selenium.remote.RemoteWebDriver.findElement(RemoteWebDriver.java:344)
	at rc.qaportal.web.automation.aramark.utilities.CommonUtilities.isUserLoggedInToAramarkPortal(CommonUtilities.java:12)
	at rc.qaportal.web.automation.aramark.utilities.UserLoginUtilityTest.login_DEV_2_GESPRA(UserLoginUtilityTest.java:26)
Caused by: org.openqa.selenium.NoSuchElementException: Unable to locate element: {&quot;method&quot;:&quot;id&quot;,&quot;selector&quot;:&quot;sizing_logout&quot;}
For documentation on this error, please visit: http://seleniumhq.org/exceptions/no_such_element.html
Build info: version: &apos;2.45.0&apos;, revision: &apos;5017cb8e7ca8e37638dc3091b2440b90a1d8686f&apos;, time: &apos;2015-02-27 09:10:26&apos;
System info: host: &apos;ubuntu&apos;, ip: &apos;127.0.1.1&apos;, os.name: &apos;Linux&apos;, os.arch: &apos;amd64&apos;, os.version: &apos;3.13.0-32-generic&apos;, java.version: &apos;1.8.0_11&apos;
Driver info: driver.version: unknown
	at &lt;anonymous class&gt;.FirefoxDriver.prototype.findElementInternal_(file:///tmp/anonymous6608489727992866174webdriver-profile/extensions/fxdriver@googlecode.com/components/driver-component.js:10271)
	at &lt;anonymous class&gt;.FirefoxDriver.prototype.findElement(file:///tmp/anonymous6608489727992866174webdriver-profile/extensions/fxdriver@googlecode.com/components/driver-component.js:10280)
	at &lt;anonymous class&gt;.DelayedCommand.prototype.executeInternal_/h(file:///tmp/anonymous6608489727992866174webdriver-profile/extensions/fxdriver@googlecode.com/components/command-processor.js:12274)
	at &lt;anonymous class&gt;.DelayedCommand.prototype.executeInternal_(file:///tmp/anonymous6608489727992866174webdriver-profile/extensions/fxdriver@googlecode.com/components/command-processor.js:12279)
	at &lt;anonymous class&gt;.DelayedCommand.prototype.execute/&lt;(file:///tmp/anonymous6608489727992866174webdriver-profile/extensions/fxdriver@googlecode.com/components/command-processor.js:12221)
... Removed 31 stack frames</div></td></tr></table><p class="totop"><a href="#summary">back to summary</a></p><h3 id="m1">rc.qaportal.web.automation.aramark.utilities.SuperUserLoginUtilityTest#dev2_super_user_credentials</h3><table class="result"></table><p class="totop"><a href="#summary">back to summary</a></p><h3 id="m2">rc.qaportal.web.automation.aramark.utilities.SuperUserLoginUtilityTest#login_super_dev2</h3><table class="result"></table><p class="totop"><a href="#summary">back to summary</a></p><h3 id="m3">rc.qaportal.web.automation.aramark.utilities.UserLoginUtilityTest#login_DEV_2_CPS</h3><table class="result"></table><p class="totop"><a href="#summary">back to summary</a></p></body></html>