<?xml version="1.0" encoding="UTF-8"?>
<!-- Generated by org.testng.reporters.JUnitXMLReporter -->
<testsuite hostname="ubuntu" name="Surefire test" tests="50" failures="2" timestamp="3 Apr 2015 15:07:40 GMT" time="0.37" errors="0">
  <testcase name="BeforeClass_annotation" time="0.009" classname="com.rc.wefunit.annotations.BeforeClassTest"/>
  <testcase name="BeforeClass_annotation_RetentionPolicy_RUNTIME" time="0.005" classname="com.rc.wefunit.annotations.BeforeClassTest"/>
  <testcase name="BeforeClass_annotation_Target_METHOD" time="0.001" classname="com.rc.wefunit.annotations.BeforeClassTest"/>
  <testcase name="BeforeClass_annotation_enabled_method_default_value_true" time="0.005" classname="com.rc.wefunit.annotations.BeforeClassTest"/>
  <testcase name="instantiate_subclass_of_GenericServiceOperationTest_dataServiceName_field_injection_Test_1" time="0.014" classname="com.rc.wefunit.TestClassInstantiationUtilityTest"/>
  <testcase name="instantiate_subclass_of_GenericServiceOperationTest_dataServiceName_field_injection_Test_2" time="0.002" classname="com.rc.wefunit.TestClassInstantiationUtilityTest"/>
  <testcase name="instantiate_subclass_of_GenericServiceOperationTest_serviceOperationName" time="0.005" classname="com.rc.wefunit.TestClassInstantiationUtilityTest"/>
  <testcase name="instantiate_subclass_of_GenericServiceOperationTest_serviceOperationName_field_1" time="0.005" classname="com.rc.wefunit.TestClassInstantiationUtilityTest"/>
  <testcase name="instantiate_subclass_of_GenericServiceOperationTest_serviceOperationName_field_2" time="0.0" classname="com.rc.wefunit.TestClassInstantiationUtilityTest"/>
  <testcase name="instantiate_subclass_of_GenericServiceOperationTest_webAppAccess_field_injection" time="0.002" classname="com.rc.wefunit.TestClassInstantiationUtilityTest">
    <failure type="java.lang.AssertionError" message="expected object to not be null">
      <![CDATA[java.lang.AssertionError: expected object to not be null
	at com.rc.wefunit.TestClassInstantiationUtilityTest.instantiate_subclass_of_GenericServiceOperationTest_webAppAccess_field_injection(TestClassInstantiationUtilityTest.java:101)
... Removed 9 stack frames]]>
    </failure>
  </testcase> <!-- instantiate_subclass_of_GenericServiceOperationTest_webAppAccess_field_injection -->
  <testcase name="is_a_Qualifier" time="0.002" classname="com.rc.wefunit.annotations.GenericSODependencyTest"/>
  <testcase name="is_annotation_GenericSODependency" time="0.0" classname="com.rc.wefunit.annotations.GenericSODependencyTest"/>
  <testcase name="is_value_method_present" time="0.002" classname="com.rc.wefunit.annotations.GenericSODependencyTest"/>
  <testcase name="target" time="0.0" classname="com.rc.wefunit.annotations.GenericSODependencyTest"/>
  <testcase name="target_METHOD_AND_FIELD" time="0.0" classname="com.rc.wefunit.annotations.GenericSODependencyTest"/>
  <testcase name="DATA_SERVICE_NAME" time="0.0" classname="com.rc.wefunit.enums.GenericSOInjectablesTest"/>
  <testcase name="SERVICE_OPERATION_NAME" time="0.001" classname="com.rc.wefunit.enums.GenericSOInjectablesTest"/>
  <testcase name="SERVICE_OPERATION_NAME_INDEX_0" time="0.001" classname="com.rc.wefunit.enums.GenericSOInjectablesTest"/>
  <testcase name="notNull" time="0.0" classname="com.rc.wefunit.probes.AssertTest"/>
  <testcase name="inject_method_with_2_parameters_Field_and_Object1_GenericServiceOperationTest_serviceOperationName_field_1" time="0.0" classname="com.rc.wefunit.FixtureDependencyInjectorUtilityTest"/>
  <testcase name="inject_method_with_2_parameters_Field_and_Object2_GenericServiceOperationTest_serviceOperationName_field_2" time="0.001" classname="com.rc.wefunit.FixtureDependencyInjectorUtilityTest"/>
  <testcase name="inject_method_with_2_parameters_Field_and_Object__GenericServiceOperationTest_dataServiceName_field_injection_Test_1" time="0.002" classname="com.rc.wefunit.FixtureDependencyInjectorUtilityTest"/>
  <testcase name="inject_method_with_2_parameters_Field_and_Object__GenericServiceOperationTest_dataServiceName_field_injection_Test_2" time="0.0" classname="com.rc.wefunit.FixtureDependencyInjectorUtilityTest"/>
  <testcase name="inject_method_with_2_parameters_Field_and_Object__GenericServiceOperationTest_webAppAccessSC_field_injection_Test_1" time="0.002" classname="com.rc.wefunit.FixtureDependencyInjectorUtilityTest">
    <failure type="java.lang.AssertionError" message="expected object to not be null">
      <![CDATA[java.lang.AssertionError: expected object to not be null
	at com.rc.wefunit.FixtureDependencyInjectorUtilityTest.inject_method_with_2_parameters_Field_and_Object__GenericServiceOperationTest_webAppAccessSC_field_injection_Test_1(FixtureDependencyInjectorUtilityTest.java:134)
... Removed 9 stack frames]]>
    </failure>
  </testcase> <!-- inject_method_with_2_parameters_Field_and_Object__GenericServiceOperationTest_webAppAccessSC_field_injection_Test_1 -->
  <testcase name="must_throw_IllegalStateException_when_a_non_injectable_field_is_provided_to_inject_method" time="0.001" classname="com.rc.wefunit.FixtureDependencyInjectorUtilityTest"/>
  <testcase name="getTestClassesSet" time="0.076" classname="com.rc.wefunit.RunnerTest"/>
  <testcase name="scan_for_test_classes" time="0.016" classname="com.rc.wefunit.RunnerTest"/>
  <testcase name="scan_for_test_classes_must_throw_IllegalStateException_when_WEB_INF_dir_is_not_a_wef_project" time="0.01" classname="com.rc.wefunit.RunnerTest"/>
  <testcase name="web_INF_directory_path_web_inf_as_last_directory" time="0.011" classname="com.rc.wefunit.RunnerTest"/>
  <testcase name="getter_for_dataServiceName" time="0.001" classname="com.rc.wefunit.GenericServiceOperationTestTest"/>
  <testcase name="getter_for_serviceOperationName" time="0.0" classname="com.rc.wefunit.GenericServiceOperationTestTest"/>
  <testcase name="getter_for_webAppAccess" time="0.0" classname="com.rc.wefunit.GenericServiceOperationTestTest"/>
  <testcase name="is_dataServiceName_field_with_DATA_SERVICE_NAME_annotation" time="0.001" classname="com.rc.wefunit.GenericServiceOperationTestTest"/>
  <testcase name="is_dataServiceName_field_with_DATA_SERVICE_NAME_annotation_with_value_DATA_SERVICE_NAME_present" time="0.003" classname="com.rc.wefunit.GenericServiceOperationTestTest"/>
  <testcase name="is_dataServiceName_string_field_contains_Inject_annotation" time="0.001" classname="com.rc.wefunit.GenericServiceOperationTestTest"/>
  <testcase name="is_dataServiceName_string_field_is_present" time="0.001" classname="com.rc.wefunit.GenericServiceOperationTestTest"/>
  <testcase name="is_serviceOperationName_string_field_contains_Inject_annotation" time="0.0" classname="com.rc.wefunit.GenericServiceOperationTestTest"/>
  <testcase name="is_serviceOperationName_string_field_is_protected" time="0.0" classname="com.rc.wefunit.GenericServiceOperationTestTest"/>
  <testcase name="is_serviceOperationName_string_field_present" time="0.001" classname="com.rc.wefunit.GenericServiceOperationTestTest"/>
  <testcase name="is_service_operation_exists_Method_exists" time="0.0" classname="com.rc.wefunit.GenericServiceOperationTestTest"/>
  <testcase name="is_service_operation_exists_method_should_have_Test_annotation" time="0.0" classname="com.rc.wefunit.GenericServiceOperationTestTest"/>
  <testcase name="is_service_operation_name_is_in_correct_format_Method_contains_BeforeClass_annotation" time="0.005" classname="com.rc.wefunit.GenericServiceOperationTestTest"/>
  <testcase name="is_service_operation_name_is_in_correct_format_Method_exists" time="0.0" classname="com.rc.wefunit.GenericServiceOperationTestTest"/>
  <testcase name="is_webAppAccess_field_with_GenericSODependency_annotation_present" time="0.001" classname="com.rc.wefunit.GenericServiceOperationTestTest"/>
  <testcase name="is_webAppAccess_field_with_GenericSODependency_annotation_with_value_SERVICE_CONSUMER_BUILDER_FIXTURE_MODEL_present" time="0.0" classname="com.rc.wefunit.GenericServiceOperationTestTest"/>
  <testcase name="is_webAppAccess_field_with_Inject_annotation_present" time="0.0" classname="com.rc.wefunit.GenericServiceOperationTestTest"/>
  <testcase name="is_webAppAccess_field_with_service_consumer_fixtures_annotation_is_protected" time="0.001" classname="com.rc.wefunit.GenericServiceOperationTestTest"/>
  <testcase name="serviceOperationName_field_is_GenericSODependency_annotation_present" time="0.001" classname="com.rc.wefunit.GenericServiceOperationTestTest"/>
  <testcase name="serviceOperationName_field_is_GenericSODependency_annotation_with_value_SERVICE_OPERATION_NAME_present" time="0.001" classname="com.rc.wefunit.GenericServiceOperationTestTest"/>
  <testcase name="getGSOTServiceOperationName" time="0.004" classname="com.rc.wefunit.producers.FactoryProducersTest"/>
</testsuite> <!-- Surefire test -->
